Using pre-set license
Built from '6000.1/staging' branch; Version is '6000.1.6f1 (d64b1a599cad) revision 14043930'; Using compiler version '194234433'; Build Type 'Release'
OS: 'Windows 11  (10.0.26200) 64bit Professional' Language: 'es' Physical Memory: 32544 MB
BatchMode: 1, IsHumanControllingUs: 0, StartBugReporterOnCrash: 0, Is64bit: 1, IsPro: 1
Date: 2025-12-17T18:31:58Z

COMMAND LINE ARGUMENTS:
C:\Program Files\Unity\Hub\Editor\6000.1.6f1\Editor\Unity.exe
-adb2
-batchMode
-noUpm
-name
AssetImportWorker0
-projectPath
C:/Users/rebeca/Documents/GitHub/TheLastKey/TheLastKey3D
-logFile
Logs/AssetImportWorker0.log
-srvPort
54379
-job-worker-count
7
-background-job-worker-count
8
-gc-helper-count
1
-name
AssetImport
Successfully changed project path to: C:/Users/rebeca/Documents/GitHub/TheLastKey/TheLastKey3D
C:/Users/rebeca/Documents/GitHub/TheLastKey/TheLastKey3D
[UnityMemory] Configuration Parameters - Can be set up in boot.config
    "memorysetup-allocator-temp-initial-block-size-main=262144"
    "memorysetup-allocator-temp-initial-block-size-worker=262144"
    "memorysetup-bucket-allocator-granularity=16"
    "memorysetup-bucket-allocator-bucket-count=8"
    "memorysetup-bucket-allocator-block-size=33554432"
    "memorysetup-bucket-allocator-block-count=8"
    "memorysetup-main-allocator-block-size=16777216"
    "memorysetup-thread-allocator-block-size=16777216"
    "memorysetup-gfx-main-allocator-block-size=16777216"
    "memorysetup-gfx-thread-allocator-block-size=16777216"
    "memorysetup-cache-allocator-block-size=4194304"
    "memorysetup-typetree-allocator-block-size=2097152"
    "memorysetup-profiler-bucket-allocator-granularity=16"
    "memorysetup-profiler-bucket-allocator-bucket-count=8"
    "memorysetup-profiler-bucket-allocator-block-size=33554432"
    "memorysetup-profiler-bucket-allocator-block-count=8"
    "memorysetup-profiler-allocator-block-size=16777216"
    "memorysetup-profiler-editor-allocator-block-size=1048576"
    "memorysetup-temp-allocator-size-main=16777216"
    "memorysetup-job-temp-allocator-block-size=2097152"
    "memorysetup-job-temp-allocator-block-size-background=1048576"
    "memorysetup-job-temp-allocator-reduction-small-platforms=262144"
    "memorysetup-temp-allocator-size-background-worker=32768"
    "memorysetup-temp-allocator-size-job-worker=262144"
    "memorysetup-temp-allocator-size-preload-manager=33554432"
    "memorysetup-temp-allocator-size-nav-mesh-worker=65536"
    "memorysetup-temp-allocator-size-audio-worker=65536"
    "memorysetup-temp-allocator-size-cloud-worker=32768"
    "memorysetup-temp-allocator-size-gi-baking-worker=262144"
    "memorysetup-temp-allocator-size-gi-baking-worker=262144"
    "memorysetup-temp-allocator-size-gi-baking-worker=262144"
    "memorysetup-temp-allocator-size-gi-baking-worker=262144"
    "memorysetup-temp-allocator-size-gi-baking-worker=262144"
    "memorysetup-temp-allocator-size-gfx=262144"
Player connection [1816]  Target information:

Player connection [1816]  * "[IP] 192.168.1.38 [Port] 0 [Flags] 2 [Guid] 1046374281 [EditorId] 1046374281 [Version] 1048832 [Id] WindowsEditor(7,PC) [Debug] 1 [PackageName] WindowsEditor [ProjectName] Editor" 

Player connection [1816] Host joined multi-casting on [225.0.0.222:54997]...
Player connection [1816] Host joined alternative multi-casting on [225.0.0.222:34997]...
JobSystem: Creating JobQueue using job-worker-count value 7
Input System module state changed to: Initialized.
[Physics::Module] Initialized fallback backend.
[Physics::Module] Id: 0xdecafbad
Library Redirect Path: Library/
[Physics::Module] Selected backend.
[Physics::Module] Name: PhysX
[Physics::Module] Id: 0xf2b8ea05
[Physics::Module] SDK Version: 4.1.2
[Physics::Module] Integration Version: 1.0.0
[Physics::Module] Threading Mode: Multi-Threaded
Refreshing native plugins compatible for Editor in 2.64 ms, found 3 plugins.
Preloading 0 native plugins for Editor in 0.00 ms.
Initialize engine version: 6000.1.6f1 (d64b1a599cad)
[Subsystems] Discovering subsystems at path C:/Program Files/Unity/Hub/Editor/6000.1.6f1/Editor/Data/Resources/UnitySubsystems
[Subsystems] Discovering subsystems at path C:/Users/rebeca/Documents/GitHub/TheLastKey/TheLastKey3D/Assets
GfxDevice: creating device client; kGfxThreadingModeNonThreaded
Direct3D:
    Version:  Direct3D 11.0 [level 11.1]
    Renderer: NVIDIA GeForce RTX 4070 (ID=0x2786)
    Vendor:   NVIDIA
    VRAM:     12012 MB
    Driver:   32.0.15.7216
Initialize mono
Mono path[0] = 'C:/Program Files/Unity/Hub/Editor/6000.1.6f1/Editor/Data/Managed'
Mono path[1] = 'C:/Program Files/Unity/Hub/Editor/6000.1.6f1/Editor/Data/MonoBleedingEdge/lib/mono/unityjit-win32'
Mono config path = 'C:/Program Files/Unity/Hub/Editor/6000.1.6f1/Editor/Data/MonoBleedingEdge/etc'
Using monoOptions --debugger-agent=transport=dt_socket,embedding=1,server=y,suspend=n,address=127.0.0.1:56440
Begin MonoManager ReloadAssembly
Registering precompiled unity dll's ...
Register platform support module: C:/Program Files/Unity/Hub/Editor/6000.1.6f1/Editor/Data/PlaybackEngines/WindowsStandaloneSupport/UnityEditor.WindowsStandalone.Extensions.dll
Registered in 0.002459 seconds.
- Loaded All Assemblies, in  0.349 seconds
Native extension for WindowsStandalone target not found
Mono: successfully reloaded assembly
- Finished resetting the current domain, in  0.299 seconds
Domain Reload Profiling: 646ms
	BeginReloadAssembly (127ms)
		ExecutionOrderSort (0ms)
		DisableScriptedObjects (0ms)
		BackupInstance (0ms)
		ReleaseScriptingObjects (0ms)
		CreateAndSetChildDomain (1ms)
	RebuildCommonClasses (32ms)
	RebuildNativeTypeToScriptingClass (11ms)
	initialDomainReloadingComplete (43ms)
	LoadAllAssembliesAndSetupDomain (133ms)
		LoadAssemblies (125ms)
		RebuildTransferFunctionScriptingTraits (0ms)
		AnalyzeDomain (131ms)
			TypeCache.Refresh (129ms)
				TypeCache.ScanAssembly (116ms)
			BuildScriptInfoCaches (0ms)
			ResolveRequiredComponents (1ms)
	FinalizeReload (299ms)
		ReleaseScriptCaches (0ms)
		RebuildScriptCaches (0ms)
		SetupLoadedEditorAssemblies (257ms)
			LogAssemblyErrors (0ms)
			InitializePlatformSupportModulesInManaged (45ms)
			SetLoadedEditorAssemblies (3ms)
			BeforeProcessingInitializeOnLoad (49ms)
			ProcessInitializeOnLoadAttributes (113ms)
			ProcessInitializeOnLoadMethodAttributes (47ms)
			AfterProcessingInitializeOnLoad (0ms)
			EditorAssembliesLoaded (0ms)
		ExecutionOrderSort2 (0ms)
		AwakeInstancesAfterBackupRestoration (0ms)
========================================================================
Worker process is ready to serve import requests
Import Worker Mode flag is 0x00
Begin MonoManager ReloadAssembly
- Loaded All Assemblies, in  0.709 seconds
Refreshing native plugins compatible for Editor in 0.76 ms, found 3 plugins.
Native extension for WindowsStandalone target not found
Mono: successfully reloaded assembly
- Finished resetting the current domain, in  0.655 seconds
Domain Reload Profiling: 1359ms
	BeginReloadAssembly (158ms)
		ExecutionOrderSort (0ms)
		DisableScriptedObjects (5ms)
		BackupInstance (0ms)
		ReleaseScriptingObjects (0ms)
		CreateAndSetChildDomain (25ms)
	RebuildCommonClasses (31ms)
	RebuildNativeTypeToScriptingClass (10ms)
	initialDomainReloadingComplete (39ms)
	LoadAllAssembliesAndSetupDomain (465ms)
		LoadAssemblies (346ms)
		RebuildTransferFunctionScriptingTraits (0ms)
		AnalyzeDomain (210ms)
			TypeCache.Refresh (154ms)
				TypeCache.ScanAssembly (143ms)
			BuildScriptInfoCaches (41ms)
			ResolveRequiredComponents (12ms)
	FinalizeReload (656ms)
		ReleaseScriptCaches (0ms)
		RebuildScriptCaches (0ms)
		SetupLoadedEditorAssemblies (495ms)
			LogAssemblyErrors (0ms)
			InitializePlatformSupportModulesInManaged (2ms)
			SetLoadedEditorAssemblies (4ms)
			BeforeProcessingInitializeOnLoad (98ms)
			ProcessInitializeOnLoadAttributes (344ms)
			ProcessInitializeOnLoadMethodAttributes (43ms)
			AfterProcessingInitializeOnLoad (4ms)
			EditorAssembliesLoaded (0ms)
		ExecutionOrderSort2 (0ms)
		AwakeInstancesAfterBackupRestoration (5ms)
Launched and connected shader compiler UnityShaderCompiler.exe after 0.01 seconds
Refreshing native plugins compatible for Editor in 1.33 ms, found 3 plugins.
Preloading 0 native plugins for Editor in 0.00 ms.
Unloading 216 Unused Serialized files (Serialized files now loaded: 0)
Unloading 6106 unused Assets / (5.0 MB). Loaded Objects now: 6814.
Memory consumption went from 164.6 MB to 159.6 MB.
Total: 9.481400 ms (FindLiveObjects: 0.552200 ms CreateObjectMapping: 0.688500 ms MarkObjects: 5.572900 ms  DeleteObjects: 2.664800 ms)

========================================================================
Received Import Request.
  Time since last request: 521501.365229 seconds.
  path: Assets/PlayerStats.asset
  artifactKey: Guid(3c3929367eade074a955d377b615d997) Importer(815301076,1909f56bfc062723c751e8b465ee728b)
Start importing Assets/PlayerStats.asset using Guid(3c3929367eade074a955d377b615d997) Importer(815301076,1909f56bfc062723c751e8b465ee728b) (PreviewImporter) -> (artifact id: 'c1c0f3d4cc0b66734c4f88c0a0c157bd') in 0.0218504 seconds
Number of updated asset objects reloaded before import = 0Number of asset objects unloaded after import = 1

========================================================================
Received Import Request.
  Time since last request: 0.000021 seconds.
  path: Assets/fondo3.png
  artifactKey: Guid(0c58c3195c39241bd90a8e415a0d0af9) Importer(815301076,1909f56bfc062723c751e8b465ee728b)
Start importing Assets/fondo3.png using Guid(0c58c3195c39241bd90a8e415a0d0af9) Importer(815301076,1909f56bfc062723c751e8b465ee728b) (PreviewImporter) -> (artifact id: '5886ad744e4d423a69b469d830883350') in 0.0649984 seconds
Number of updated asset objects reloaded before import = 0Number of asset objects unloaded after import = 2

========================================================================
Received Import Request.
  Time since last request: 0.000025 seconds.
  path: Assets/fondotop 1.png
  artifactKey: Guid(740e5fac26a75433ba8b2593d977a466) Importer(815301076,1909f56bfc062723c751e8b465ee728b)
Start importing Assets/fondotop 1.png using Guid(740e5fac26a75433ba8b2593d977a466) Importer(815301076,1909f56bfc062723c751e8b465ee728b) (PreviewImporter) -> (artifact id: '28713b54b5f7b22368843e24de288bef') in 0.0198716 seconds
Number of updated asset objects reloaded before import = 0Number of asset objects unloaded after import = 2

========================================================================
Received Import Request.
  Time since last request: 0.000023 seconds.
  path: Assets/InputSystem_Actions.inputactions
  artifactKey: Guid(052faaac586de48259a63d0c4782560b) Importer(815301076,1909f56bfc062723c751e8b465ee728b)
Start importing Assets/InputSystem_Actions.inputactions using Guid(052faaac586de48259a63d0c4782560b) Importer(815301076,1909f56bfc062723c751e8b465ee728b) (PreviewImporter) -> (artifact id: '5e3f70f0364ded6a0e35bba7f5564b43') in 0.009268 seconds
Number of updated asset objects reloaded before import = 0Number of asset objects unloaded after import = 20

========================================================================
Received Import Request.
  Time since last request: 0.000028 seconds.
  path: Assets/Readme.asset
  artifactKey: Guid(8105016687592461f977c054a80ce2f2) Importer(815301076,1909f56bfc062723c751e8b465ee728b)
Start importing Assets/Readme.asset using Guid(8105016687592461f977c054a80ce2f2) Importer(815301076,1909f56bfc062723c751e8b465ee728b) (PreviewImporter) -> (artifact id: '7564957e633b305f4e69560a9de8e20a') in 0.0025798 seconds
Number of updated asset objects reloaded before import = 0Number of asset objects unloaded after import = 2

========================================================================
Received Import Request.
  Time since last request: 0.000018 seconds.
  path: Assets/fondotop2.png
  artifactKey: Guid(02c2cbd889bd34163990ad1ec4aa3524) Importer(815301076,1909f56bfc062723c751e8b465ee728b)
Start importing Assets/fondotop2.png using Guid(02c2cbd889bd34163990ad1ec4aa3524) Importer(815301076,1909f56bfc062723c751e8b465ee728b) (PreviewImporter) -> (artifact id: '36bbb13aeb8d28b80d4ff0be7791365c') in 0.0164348 seconds
Number of updated asset objects reloaded before import = 0Number of asset objects unloaded after import = 2

========================================================================
Received Import Request.
  Time since last request: 270.433767 seconds.
  path: Assets/Prefabs/Door.prefab
  artifactKey: Guid(7fbfbd4f08a06af42a1343861496a750) Importer(815301076,1909f56bfc062723c751e8b465ee728b)
Start importing Assets/Prefabs/Door.prefab using Guid(7fbfbd4f08a06af42a1343861496a750) Importer(815301076,1909f56bfc062723c751e8b465ee728b) (PreviewImporter) -> (artifact id: '1cca31fa84b92eae335f1e2274a6a20d') in 2.8735357 seconds
Number of updated asset objects reloaded before import = 0Number of asset objects unloaded after import = 64

========================================================================
Received Import Request.
  Time since last request: 0.000028 seconds.
  path: Assets/Prefabs/SceneLoader.prefab
  artifactKey: Guid(a45affec1a16d944ea191cf88204a56e) Importer(815301076,1909f56bfc062723c751e8b465ee728b)
Start importing Assets/Prefabs/SceneLoader.prefab using Guid(a45affec1a16d944ea191cf88204a56e) Importer(815301076,1909f56bfc062723c751e8b465ee728b) (PreviewImporter) -> (artifact id: 'c0fed5105eac53bbc42a37825fdc83d6') in 0.0016032 seconds
Number of updated asset objects reloaded before import = 0Number of asset objects unloaded after import = 5

========================================================================
Received Import Request.
  Time since last request: 0.000037 seconds.
  path: Assets/Prefabs/Quad Variant.prefab
  artifactKey: Guid(fa0ccd2a763c64e60bab027a7640c105) Importer(815301076,1909f56bfc062723c751e8b465ee728b)
Start importing Assets/Prefabs/Quad Variant.prefab using Guid(fa0ccd2a763c64e60bab027a7640c105) Importer(815301076,1909f56bfc062723c751e8b465ee728b) (PreviewImporter) -> (artifact id: 'c56497338c731398d8763aed5108ccba') in 2.6206435 seconds
Number of updated asset objects reloaded before import = 0Number of asset objects unloaded after import = 20

========================================================================
Received Import Request.
  Time since last request: 423.457851 seconds.
  path: Assets/Models/Players/AnimacionesPersonaje1.fbx
  artifactKey: Guid(b0d11c193cf53ba44a24facb2fa45561) Importer(815301076,1909f56bfc062723c751e8b465ee728b)
Start importing Assets/Models/Players/AnimacionesPersonaje1.fbx using Guid(b0d11c193cf53ba44a24facb2fa45561) Importer(815301076,1909f56bfc062723c751e8b465ee728b) (PreviewImporter) -> (artifact id: 'dd096fee1c8772efb2c85935755167d8') in 2.5059417 seconds
Number of updated asset objects reloaded before import = 0Number of asset objects unloaded after import = 79

========================================================================
Received Import Request.
  Time since last request: 354.070277 seconds.
  path: Assets/Models/Players
  artifactKey: Guid(0b5e949b2ee69894994b246ff1fe7ca9) Importer(815301076,1909f56bfc062723c751e8b465ee728b)
Start importing Assets/Models/Players using Guid(0b5e949b2ee69894994b246ff1fe7ca9) Importer(815301076,1909f56bfc062723c751e8b465ee728b) (PreviewImporter) -> (artifact id: 'b09d8e143008ee15aa3903b696474bf8') in 0.0008701 seconds
Number of updated asset objects reloaded before import = 0Number of asset objects unloaded after import = 0

========================================================================
Received Import Request.
  Time since last request: 6.752229 seconds.
  path: Assets/Models/Players/Textura CocoP1
  artifactKey: Guid(9c5820f992416dc4da65a19e55f430ea) Importer(815301076,1909f56bfc062723c751e8b465ee728b)
Start importing Assets/Models/Players/Textura CocoP1 using Guid(9c5820f992416dc4da65a19e55f430ea) Importer(815301076,1909f56bfc062723c751e8b465ee728b) (PreviewImporter) -> (artifact id: '12c9a94ed9ab124eb8df03e83fc19393') in 0.00048 seconds
Number of updated asset objects reloaded before import = 0Number of asset objects unloaded after import = 0

========================================================================
Received Import Request.
  Time since last request: 8.583883 seconds.
  path: Assets/Models/Players/CocoP1 Texturas
  artifactKey: Guid(9c5820f992416dc4da65a19e55f430ea) Importer(815301076,1909f56bfc062723c751e8b465ee728b)
Start importing Assets/Models/Players/CocoP1 Texturas using Guid(9c5820f992416dc4da65a19e55f430ea) Importer(815301076,1909f56bfc062723c751e8b465ee728b) (PreviewImporter) -> (artifact id: '3c569ba85538a132aa839fa1d6f5143a') in 0.0006748 seconds
Number of updated asset objects reloaded before import = 0Number of asset objects unloaded after import = 0

========================================================================
Received Import Request.
  Time since last request: 4.896362 seconds.
  path: Assets/Models/Players/CocoP1.fbx
  artifactKey: Guid(b0d11c193cf53ba44a24facb2fa45561) Importer(815301076,1909f56bfc062723c751e8b465ee728b)
Start importing Assets/Models/Players/CocoP1.fbx using Guid(b0d11c193cf53ba44a24facb2fa45561) Importer(815301076,1909f56bfc062723c751e8b465ee728b) (PreviewImporter) -> (artifact id: '6e78e65d1bcd8bb080ec6e69147da59e') in 0.0879318 seconds
Number of updated asset objects reloaded before import = 0Number of asset objects unloaded after import = 79

========================================================================
Received Import Request.
  Time since last request: 8.724279 seconds.
  path: Assets/Models/Players/CocoP1 Texturas/standardSurface1_BaseColor.png
  artifactKey: Guid(141394490ee27cd488b599d466d7efd3) Importer(815301076,1909f56bfc062723c751e8b465ee728b)
Start importing Assets/Models/Players/CocoP1 Texturas/standardSurface1_BaseColor.png using Guid(141394490ee27cd488b599d466d7efd3) Importer(815301076,1909f56bfc062723c751e8b465ee728b) (PreviewImporter) -> (artifact id: '9b34f0b4bc439d5ade6610e178447401') in 0.0245345 seconds
Number of updated asset objects reloaded before import = 0Number of asset objects unloaded after import = 2

========================================================================
Received Import Request.
  Time since last request: 0.000022 seconds.
  path: Assets/Models/Players/CocoP1 Texturas/standardSurface1_Roughness.png
  artifactKey: Guid(951b545cca837d5469c37cf2fc1e8786) Importer(815301076,1909f56bfc062723c751e8b465ee728b)
Start importing Assets/Models/Players/CocoP1 Texturas/standardSurface1_Roughness.png using Guid(951b545cca837d5469c37cf2fc1e8786) Importer(815301076,1909f56bfc062723c751e8b465ee728b) (PreviewImporter) -> (artifact id: '0f124f4c55a5569d92924e6a28d55bfa') in 0.0179918 seconds
Number of updated asset objects reloaded before import = 0Number of asset objects unloaded after import = 2

========================================================================
Received Import Request.
  Time since last request: 20.957314 seconds.
  path: Assets/Models/Players/P1 color.mat
  artifactKey: Guid(a92f0182b2f06ae4bb5f09a4670a6deb) Importer(815301076,1909f56bfc062723c751e8b465ee728b)
Start importing Assets/Models/Players/P1 color.mat using Guid(a92f0182b2f06ae4bb5f09a4670a6deb) Importer(815301076,1909f56bfc062723c751e8b465ee728b) (PreviewImporter) -> (artifact id: 'cfbd4c5d29a7e1cd49daae4050ee5202') in 0.0193609 seconds
Number of updated asset objects reloaded before import = 0Number of asset objects unloaded after import = 1

========================================================================
Received Import Request.
  Time since last request: 186.587736 seconds.
  path: Assets/Models/Players/CocoP1 Texturas/standardSurface1_Normal.png
  artifactKey: Guid(9d9be141c8bba2740bdb91c3dc716061) Importer(815301076,1909f56bfc062723c751e8b465ee728b)
Start importing Assets/Models/Players/CocoP1 Texturas/standardSurface1_Normal.png using Guid(9d9be141c8bba2740bdb91c3dc716061) Importer(815301076,1909f56bfc062723c751e8b465ee728b) (PreviewImporter) -> (artifact id: 'a8ed0d80cbf3703a5c09980b310736c9') in 0.0277256 seconds
Number of updated asset objects reloaded before import = 0Number of asset objects unloaded after import = 2

========================================================================
Received Import Request.
  Time since last request: 32.693427 seconds.
  path: Assets/Models/Players/P1 color.mat
  artifactKey: Guid(a92f0182b2f06ae4bb5f09a4670a6deb) Importer(815301076,1909f56bfc062723c751e8b465ee728b)
Start importing Assets/Models/Players/P1 color.mat using Guid(a92f0182b2f06ae4bb5f09a4670a6deb) Importer(815301076,1909f56bfc062723c751e8b465ee728b) (PreviewImporter) -> (artifact id: 'f064d3badb671cec7534f16453e03c81') in 2.0759958 seconds
Number of updated asset objects reloaded before import = 0Number of asset objects unloaded after import = 3

========================================================================
Received Import Request.
  Time since last request: 55.428336 seconds.
  path: Assets/Models/Players/CocoP1.fbx
  artifactKey: Guid(b0d11c193cf53ba44a24facb2fa45561) Importer(815301076,1909f56bfc062723c751e8b465ee728b)
Start importing Assets/Models/Players/CocoP1.fbx using Guid(b0d11c193cf53ba44a24facb2fa45561) Importer(815301076,1909f56bfc062723c751e8b465ee728b) (PreviewImporter) -> (artifact id: 'ee515e728472ef7adb480bb5be960f48') in 0.0561974 seconds
Number of updated asset objects reloaded before import = 0Number of asset objects unloaded after import = 81

========================================================================
Received Import Request.
  Time since last request: 44.096094 seconds.
  path: Assets/Models/Players/CocoP1.fbx
  artifactKey: Guid(b0d11c193cf53ba44a24facb2fa45561) Importer(815301076,1909f56bfc062723c751e8b465ee728b)
Start importing Assets/Models/Players/CocoP1.fbx using Guid(b0d11c193cf53ba44a24facb2fa45561) Importer(815301076,1909f56bfc062723c751e8b465ee728b) (PreviewImporter) -> (artifact id: 'f263bde8717799d81fa5e18692ab7624') in 0.0594845 seconds
Number of updated asset objects reloaded before import = 0Number of asset objects unloaded after import = 81

========================================================================
Received Import Request.
  Time since last request: 246.537373 seconds.
  path: Assets/Models/Players/CocoP2 Textura
  artifactKey: Guid(65ad0dcfe7c24964d86af2d13bc5d1e2) Importer(815301076,1909f56bfc062723c751e8b465ee728b)
Start importing Assets/Models/Players/CocoP2 Textura using Guid(65ad0dcfe7c24964d86af2d13bc5d1e2) Importer(815301076,1909f56bfc062723c751e8b465ee728b) (PreviewImporter) -> (artifact id: '1068988596e3d90964faa196d2b905f4') in 0.0008366 seconds
Number of updated asset objects reloaded before import = 0Number of asset objects unloaded after import = 0

========================================================================
Received Import Request.
  Time since last request: 3.685763 seconds.
  path: Assets/Models/Players/CocoP2 Texturas
  artifactKey: Guid(65ad0dcfe7c24964d86af2d13bc5d1e2) Importer(815301076,1909f56bfc062723c751e8b465ee728b)
Start importing Assets/Models/Players/CocoP2 Texturas using Guid(65ad0dcfe7c24964d86af2d13bc5d1e2) Importer(815301076,1909f56bfc062723c751e8b465ee728b) (PreviewImporter) -> (artifact id: '1d4c5f9df80c05379a6f5a2f1da35bdb') in 0.0005494 seconds
Number of updated asset objects reloaded before import = 0Number of asset objects unloaded after import = 0

========================================================================
Received Import Request.
  Time since last request: 18.911980 seconds.
  path: Assets/Models/Players/CocoP2 Texturas/standardSurface1_BaseColor.png
  artifactKey: Guid(fb4b1421e00050e48b152f68f1ccb235) Importer(815301076,1909f56bfc062723c751e8b465ee728b)
Start importing Assets/Models/Players/CocoP2 Texturas/standardSurface1_BaseColor.png using Guid(fb4b1421e00050e48b152f68f1ccb235) Importer(815301076,1909f56bfc062723c751e8b465ee728b) (PreviewImporter) -> (artifact id: '526141e1ef615174c72c2d4f08d6b3c9') in 0.0194864 seconds
Number of updated asset objects reloaded before import = 0Number of asset objects unloaded after import = 2

========================================================================
Received Import Request.
  Time since last request: 0.000072 seconds.
  path: Assets/Models/Players/CocoP2 Texturas/standardSurface1_Roughness.png
  artifactKey: Guid(fd9459d3c6a23dc4ab2d084bc158d853) Importer(815301076,1909f56bfc062723c751e8b465ee728b)
Start importing Assets/Models/Players/CocoP2 Texturas/standardSurface1_Roughness.png using Guid(fd9459d3c6a23dc4ab2d084bc158d853) Importer(815301076,1909f56bfc062723c751e8b465ee728b) (PreviewImporter) -> (artifact id: '4a39f20640892eba60792b7f8193299c') in 0.016743 seconds
Number of updated asset objects reloaded before import = 0Number of asset objects unloaded after import = 2

========================================================================
Received Import Request.
  Time since last request: 204.911171 seconds.
  path: Assets/Models/Players/AnimacionesPersonaje2.fbx
  artifactKey: Guid(00b231ad1e2502a4bbbd185de879c9dc) Importer(815301076,1909f56bfc062723c751e8b465ee728b)
Start importing Assets/Models/Players/AnimacionesPersonaje2.fbx using Guid(00b231ad1e2502a4bbbd185de879c9dc) Importer(815301076,1909f56bfc062723c751e8b465ee728b) (PreviewImporter) -> (artifact id: 'd353b8d460471650411e899540ccafde') in 2.3879203 seconds
Number of updated asset objects reloaded before import = 0Number of asset objects unloaded after import = 81

========================================================================
Received Import Request.
  Time since last request: 48.612628 seconds.
  path: Assets/Models/Players/CocoP2 Color.mat
  artifactKey: Guid(389b4267acb8b9148984f9872a87f48a) Importer(815301076,1909f56bfc062723c751e8b465ee728b)
Start importing Assets/Models/Players/CocoP2 Color.mat using Guid(389b4267acb8b9148984f9872a87f48a) Importer(815301076,1909f56bfc062723c751e8b465ee728b) (PreviewImporter) -> (artifact id: 'fcab71e16525549dd1f29e61b7822f82') in 0.0167372 seconds
Number of updated asset objects reloaded before import = 0Number of asset objects unloaded after import = 1

========================================================================
Received Import Request.
  Time since last request: 1.395627 seconds.
  path: Assets/Models/Players/CocoP1 Texturas/P1 color.mat
  artifactKey: Guid(a92f0182b2f06ae4bb5f09a4670a6deb) Importer(815301076,1909f56bfc062723c751e8b465ee728b)
Start importing Assets/Models/Players/CocoP1 Texturas/P1 color.mat using Guid(a92f0182b2f06ae4bb5f09a4670a6deb) Importer(815301076,1909f56bfc062723c751e8b465ee728b) (PreviewImporter) -> (artifact id: '47d06dc8159d32edf390698131c4c426') in 0.0226724 seconds
Number of updated asset objects reloaded before import = 0Number of asset objects unloaded after import = 3

========================================================================
Received Import Request.
  Time since last request: 6.475952 seconds.
  path: Assets/Models/Players/P2 Color.mat
  artifactKey: Guid(389b4267acb8b9148984f9872a87f48a) Importer(815301076,1909f56bfc062723c751e8b465ee728b)
Start importing Assets/Models/Players/P2 Color.mat using Guid(389b4267acb8b9148984f9872a87f48a) Importer(815301076,1909f56bfc062723c751e8b465ee728b) (PreviewImporter) -> (artifact id: '5fc07c6778b951bc3342bfc1b212a0dd') in 0.0183891 seconds
Number of updated asset objects reloaded before import = 0Number of asset objects unloaded after import = 1

========================================================================
Received Import Request.
  Time since last request: 64.643978 seconds.
  path: Assets/Models/Players/AnimacionesPersonaje2.fbx
  artifactKey: Guid(00b231ad1e2502a4bbbd185de879c9dc) Importer(815301076,1909f56bfc062723c751e8b465ee728b)
Start importing Assets/Models/Players/AnimacionesPersonaje2.fbx using Guid(00b231ad1e2502a4bbbd185de879c9dc) Importer(815301076,1909f56bfc062723c751e8b465ee728b) (PreviewImporter) -> (artifact id: 'a2ef538a3bd85dfa132a319add2b54a1') in 0.0500524 seconds
Number of updated asset objects reloaded before import = 0Number of asset objects unloaded after import = 79

========================================================================
Received Import Request.
  Time since last request: 68.704275 seconds.
  path: Assets/Models/Players/AnimacionesPersonaje2.fbx
  artifactKey: Guid(00b231ad1e2502a4bbbd185de879c9dc) Importer(815301076,1909f56bfc062723c751e8b465ee728b)
Start importing Assets/Models/Players/AnimacionesPersonaje2.fbx using Guid(00b231ad1e2502a4bbbd185de879c9dc) Importer(815301076,1909f56bfc062723c751e8b465ee728b) (PreviewImporter) -> (artifact id: 'c8e790de3b7efc1124049ab21a52a89e') in 0.0573292 seconds
Number of updated asset objects reloaded before import = 0Number of asset objects unloaded after import = 81

========================================================================
Received Import Request.
  Time since last request: 2332.206598 seconds.
  path: Assets/Models/Players/CocoP2 Texturas/P2 Color.mat
  artifactKey: Guid(389b4267acb8b9148984f9872a87f48a) Importer(815301076,1909f56bfc062723c751e8b465ee728b)
Start importing Assets/Models/Players/CocoP2 Texturas/P2 Color.mat using Guid(389b4267acb8b9148984f9872a87f48a) Importer(815301076,1909f56bfc062723c751e8b465ee728b) (PreviewImporter) -> (artifact id: '892749ed04018b8b71a44f1580651d1c') in 0.0420715 seconds
Number of updated asset objects reloaded before import = 0Number of asset objects unloaded after import = 3

========================================================================
Received Import Request.
  Time since last request: 258.140871 seconds.
  path: Assets/Models/Players/CocoP2 Texturas/P2 Color.mat
  artifactKey: Guid(389b4267acb8b9148984f9872a87f48a) Importer(815301076,1909f56bfc062723c751e8b465ee728b)
Start importing Assets/Models/Players/CocoP2 Texturas/P2 Color.mat using Guid(389b4267acb8b9148984f9872a87f48a) Importer(815301076,1909f56bfc062723c751e8b465ee728b) (PreviewImporter) -> (artifact id: '47ec00d5473adc2272c83a91a060d5da') in 2.3978706 seconds
Number of updated asset objects reloaded before import = 0Number of asset objects unloaded after import = 1

========================================================================
Received Import Request.
  Time since last request: 7.313943 seconds.
  path: Assets/Models/Players/CocoP2 Texturas/standardSurface1_BaseColor.png
  artifactKey: Guid(fb4b1421e00050e48b152f68f1ccb235) Importer(815301076,1909f56bfc062723c751e8b465ee728b)
Start importing Assets/Models/Players/CocoP2 Texturas/standardSurface1_BaseColor.png using Guid(fb4b1421e00050e48b152f68f1ccb235) Importer(815301076,1909f56bfc062723c751e8b465ee728b) (PreviewImporter) -> (artifact id: 'e1104f8a761f306c00946a55a2d14107') in 0.0341172 seconds
Number of updated asset objects reloaded before import = 0Number of asset objects unloaded after import = 2

========================================================================
Received Import Request.
  Time since last request: 15.837263 seconds.
  path: Assets/Models/Players/CocoP2 Texturas/standardSurface1_Normal.png
  artifactKey: Guid(91382e35f4950b44385ad3fd2c5f3dc3) Importer(815301076,1909f56bfc062723c751e8b465ee728b)
Start importing Assets/Models/Players/CocoP2 Texturas/standardSurface1_Normal.png using Guid(91382e35f4950b44385ad3fd2c5f3dc3) Importer(815301076,1909f56bfc062723c751e8b465ee728b) (PreviewImporter) -> (artifact id: '6c37c6db0f293e8bae6e12a327742973') in 0.0197873 seconds
Number of updated asset objects reloaded before import = 0Number of asset objects unloaded after import = 2

========================================================================
Received Import Request.
  Time since last request: 15.665016 seconds.
  path: Assets/Models/Players/CocoP1 1.fbx
  artifactKey: Guid(ddeaf48a7d13158449cdd0ccdf006cf1) Importer(815301076,1909f56bfc062723c751e8b465ee728b)
Start importing Assets/Models/Players/CocoP1 1.fbx using Guid(ddeaf48a7d13158449cdd0ccdf006cf1) Importer(815301076,1909f56bfc062723c751e8b465ee728b) (PreviewImporter) -> (artifact id: '9d3fa996058baefaa63a5ba44247feeb') in 0.1054817 seconds
Number of updated asset objects reloaded before import = 0Number of asset objects unloaded after import = 81

========================================================================
Received Import Request.
  Time since last request: 5.354380 seconds.
  path: Assets/Models/Players/CocoP2.fbx
  artifactKey: Guid(ddeaf48a7d13158449cdd0ccdf006cf1) Importer(815301076,1909f56bfc062723c751e8b465ee728b)
Start importing Assets/Models/Players/CocoP2.fbx using Guid(ddeaf48a7d13158449cdd0ccdf006cf1) Importer(815301076,1909f56bfc062723c751e8b465ee728b) (PreviewImporter) -> (artifact id: '0c437a66cdcd451d36103a9f2c5cb5f9') in 0.1298193 seconds
Number of updated asset objects reloaded before import = 0Number of asset objects unloaded after import = 81

========================================================================
Received Import Request.
  Time since last request: 15.868583 seconds.
  path: Assets/Models/Players/CocoP2.fbx
  artifactKey: Guid(ddeaf48a7d13158449cdd0ccdf006cf1) Importer(815301076,1909f56bfc062723c751e8b465ee728b)
Start importing Assets/Models/Players/CocoP2.fbx using Guid(ddeaf48a7d13158449cdd0ccdf006cf1) Importer(815301076,1909f56bfc062723c751e8b465ee728b) (PreviewImporter) -> (artifact id: '98eaeb17ffd81cf3b0544798a8433f16') in 0.0581754 seconds
Number of updated asset objects reloaded before import = 0Number of asset objects unloaded after import = 81

